<?xml version="1.0" encoding="UTF-8"?>
<!-- Generated by org.testng.reporters.JUnitReportReporter -->
<testsuite hostname="VDICSAMCODE-14" name="com.csam.TestCases.AccountSummarySteps" tests="2" failures="0" timestamp="15 Jul 2018 14:30:18 GMT" time="22.087" errors="0">
  <testcase name="open_App" time="6.382" classname="com.csam.TestCases.AccountSummarySteps"/>
  <testcase name="login_App" time="15.705" classname="com.csam.TestCases.AccountSummarySteps"/>
</testsuite> <!-- com.csam.TestCases.AccountSummarySteps -->
