<?xml version="1.0" encoding="UTF-8"?>
<!-- Generated by org.testng.reporters.JUnitReportReporter -->
<testsuite hostname="VDICSAMCODE-14" name="com.csam.TestCases.DirectDeposit" tests="1" failures="0" timestamp="26 Mar 2018 10:06:26 GMT" time="0.062" errors="0">
  <testcase name="direct_Login" time="0.062" classname="com.csam.TestCases.DirectDeposit"/>
</testsuite> <!-- com.csam.TestCases.DirectDeposit -->
