<?xml version="1.0" encoding="UTF-8"?>
<!-- Generated by org.testng.reporters.JUnitReportReporter -->
<testsuite hostname="VDICSAMCODE-14" name="com.csam.TestCases.AccountSummaryPage" tests="1" failures="0" timestamp="26 Mar 2018 10:06:26 GMT" time="0.016" errors="0">
  <testcase name="login" time="0.016" classname="com.csam.TestCases.AccountSummaryPage"/>
</testsuite> <!-- com.csam.TestCases.AccountSummaryPage -->
